<?xml version="1.0" encoding="UTF-8"?>
<!-- Generated by org.testng.reporters.JUnitReportReporter -->
<testsuite hostname="DESKTOP-CS89VF4" failures="0" tests="1" name="cucumberOptions.TestngRunner" time="3.095" errors="0" timestamp="2024-02-09T15:55:21 EST" skipped="0">
  <testcase classname="cucumberOptions.TestngRunner" name="runScenario" time="3.095"/>
</testsuite> <!-- cucumberOptions.TestngRunner -->
